2023-09-26 22:32:01,740 [Worker-20] INFO  o.e.m.c.i.l.LifecycleMappingFactory - Using org.eclipse.m2e.jdt.JarLifecycleMapping lifecycle mapping for MavenProject: com.infinite.spring:SpringExample1:0.0.1-SNAPSHOT @ C:\java_backend\spring\SpringExample1\pom.xml.
2023-09-26 22:32:02,719 [Worker-20] INFO  o.e.m.j.i.AbstractJavaProjectConfigurator - Adding source folder /SpringExample1/src/main/java
2023-09-26 22:32:02,720 [Worker-20] INFO  o.e.m.j.i.AbstractJavaProjectConfigurator - Adding resource folder /SpringExample1/src/main/resources
2023-09-26 22:32:02,721 [Worker-20] INFO  o.e.m.j.i.AbstractJavaProjectConfigurator - Adding source folder /SpringExample1/src/test/java
2023-09-26 22:32:02,721 [Worker-20] INFO  o.e.m.j.i.AbstractJavaProjectConfigurator - Adding resource folder /SpringExample1/src/test/resources
2023-09-26 22:32:03,466 [Worker-21] WARN  o.e.m.c.i.embedder.EclipseLogger - Using platform encoding (Cp1252 actually) to copy filtered resources, i.e. build is platform dependent!
2023-09-26 22:32:03,471 [Worker-21] INFO  o.e.m.c.i.embedder.EclipseLogger - Copying 0 resource
2023-09-26 22:32:03,474 [Worker-21] WARN  o.e.m.c.i.embedder.EclipseLogger - Using platform encoding (Cp1252 actually) to copy filtered resources, i.e. build is platform dependent!
2023-09-26 22:32:03,475 [Worker-21] INFO  o.e.m.c.i.embedder.EclipseLogger - Copying 0 resource
2023-09-26 22:32:24,020 [Worker-23] WARN  o.e.m.c.i.embedder.EclipseLogger - Using platform encoding (Cp1252 actually) to copy filtered resources, i.e. build is platform dependent!
2023-09-26 22:32:24,024 [Worker-23] INFO  o.e.m.c.i.embedder.EclipseLogger - Copying 0 resource
2023-09-26 22:32:24,026 [Worker-23] WARN  o.e.m.c.i.embedder.EclipseLogger - Using platform encoding (Cp1252 actually) to copy filtered resources, i.e. build is platform dependent!
2023-09-26 22:32:24,027 [Worker-23] INFO  o.e.m.c.i.embedder.EclipseLogger - Copying 0 resource
2023-09-26 22:33:38,451 [Worker-21] INFO  o.e.m.c.i.l.LifecycleMappingFactory - Using org.eclipse.m2e.jdt.JarLifecycleMapping lifecycle mapping for MavenProject: com.infinite.spring:SpringExamples:0.0.1-SNAPSHOT @ C:\java_backend\spring\SpringExamples\pom.xml.
2023-09-26 22:33:38,947 [Worker-21] INFO  o.e.m.j.i.AbstractJavaProjectConfigurator - Adding source folder /SpringExamples/src/main/java
2023-09-26 22:33:38,947 [Worker-21] INFO  o.e.m.j.i.AbstractJavaProjectConfigurator - Adding resource folder /SpringExamples/src/main/resources
2023-09-26 22:33:38,948 [Worker-21] INFO  o.e.m.j.i.AbstractJavaProjectConfigurator - Adding source folder /SpringExamples/src/test/java
2023-09-26 22:33:38,949 [Worker-21] INFO  o.e.m.j.i.AbstractJavaProjectConfigurator - Adding resource folder /SpringExamples/src/test/resources
2023-09-26 22:33:39,214 [Worker-2] WARN  o.e.m.c.i.embedder.EclipseLogger - Using platform encoding (Cp1252 actually) to copy filtered resources, i.e. build is platform dependent!
2023-09-26 22:33:39,215 [Worker-2] INFO  o.e.m.c.i.embedder.EclipseLogger - Copying 0 resource
2023-09-26 22:33:39,216 [Worker-2] WARN  o.e.m.c.i.embedder.EclipseLogger - Using platform encoding (Cp1252 actually) to copy filtered resources, i.e. build is platform dependent!
2023-09-26 22:33:39,217 [Worker-2] INFO  o.e.m.c.i.embedder.EclipseLogger - Copying 0 resource
2023-09-26 22:35:38,810 [Worker-25] INFO  o.e.m.c.i.p.ProjectConfigurationManager - Update started
2023-09-26 22:35:39,051 [Worker-25] INFO  o.e.m.c.i.l.LifecycleMappingFactory - Using org.eclipse.m2e.jdt.JarLifecycleMapping lifecycle mapping for MavenProject: com.infinite.spring:SpringExamples:0.0.1-SNAPSHOT @ C:\java_backend\spring\SpringExamples\pom.xml.
2023-09-26 22:35:39,257 [Worker-25] INFO  o.e.m.j.i.AbstractJavaProjectConfigurator - Adding source folder /SpringExamples/src/main/java
2023-09-26 22:35:39,258 [Worker-25] INFO  o.e.m.j.i.AbstractJavaProjectConfigurator - Adding resource folder /SpringExamples/src/main/resources
2023-09-26 22:35:39,259 [Worker-25] INFO  o.e.m.j.i.AbstractJavaProjectConfigurator - Adding source folder /SpringExamples/src/test/java
2023-09-26 22:35:39,259 [Worker-25] INFO  o.e.m.j.i.AbstractJavaProjectConfigurator - Adding resource folder /SpringExamples/src/test/resources
2023-09-26 22:35:39,311 [Worker-25] INFO  o.e.m.c.i.p.ProjectConfigurationManager - Update completed: 0 sec
2023-09-26 22:35:39,486 [Worker-16] WARN  o.e.m.c.i.embedder.EclipseLogger - Using platform encoding (Cp1252 actually) to copy filtered resources, i.e. build is platform dependent!
2023-09-26 22:35:39,489 [Worker-16] INFO  o.e.m.c.i.embedder.EclipseLogger - Copying 0 resource
2023-09-26 22:35:39,491 [Worker-16] WARN  o.e.m.c.i.embedder.EclipseLogger - Using platform encoding (Cp1252 actually) to copy filtered resources, i.e. build is platform dependent!
2023-09-26 22:35:39,493 [Worker-16] INFO  o.e.m.c.i.embedder.EclipseLogger - Copying 0 resource
2023-09-26 22:44:41,279 [Worker-29] INFO  o.e.m.c.i.l.LifecycleMappingFactory - Using org.eclipse.m2e.jdt.JarLifecycleMapping lifecycle mapping for MavenProject: com.infinite.springcore:springcore:0.0.1-SNAPSHOT @ C:\java_backend\spring\springcore\pom.xml.
2023-09-26 22:44:41,432 [Worker-29] INFO  o.e.m.j.i.AbstractJavaProjectConfigurator - Adding source folder /springcore/src/main/java
2023-09-26 22:44:41,432 [Worker-29] INFO  o.e.m.j.i.AbstractJavaProjectConfigurator - Adding resource folder /springcore/src/main/resources
2023-09-26 22:44:41,432 [Worker-29] INFO  o.e.m.j.i.AbstractJavaProjectConfigurator - Adding source folder /springcore/src/test/java
2023-09-26 22:44:41,432 [Worker-29] INFO  o.e.m.j.i.AbstractJavaProjectConfigurator - Adding resource folder /springcore/src/test/resources
2023-09-26 22:44:41,680 [Worker-28] WARN  o.e.m.c.i.embedder.EclipseLogger - Using platform encoding (Cp1252 actually) to copy filtered resources, i.e. build is platform dependent!
2023-09-26 22:44:41,682 [Worker-28] INFO  o.e.m.c.i.embedder.EclipseLogger - Copying 0 resource
2023-09-26 22:44:41,685 [Worker-28] WARN  o.e.m.c.i.embedder.EclipseLogger - Using platform encoding (Cp1252 actually) to copy filtered resources, i.e. build is platform dependent!
2023-09-26 22:44:41,687 [Worker-28] INFO  o.e.m.c.i.embedder.EclipseLogger - Copying 0 resource
2023-09-26 22:45:12,670 [Worker-23] WARN  o.e.m.c.i.embedder.EclipseLogger - Using platform encoding (Cp1252 actually) to copy filtered resources, i.e. build is platform dependent!
2023-09-26 22:45:13,820 [Worker-23] INFO  o.e.m.c.i.embedder.EclipseLogger - Copying 0 resource
2023-09-26 22:45:13,821 [Worker-23] WARN  o.e.m.c.i.embedder.EclipseLogger - Using platform encoding (Cp1252 actually) to copy filtered resources, i.e. build is platform dependent!
2023-09-26 22:45:13,822 [Worker-23] INFO  o.e.m.c.i.embedder.EclipseLogger - Copying 0 resource
2023-09-26 22:45:55,736 [Worker-28] WARN  o.e.m.c.i.embedder.EclipseLogger - Using platform encoding (Cp1252 actually) to copy filtered resources, i.e. build is platform dependent!
2023-09-26 22:45:55,737 [Worker-28] INFO  o.e.m.c.i.embedder.EclipseLogger - Copying 0 resource
2023-09-26 22:45:55,738 [Worker-28] WARN  o.e.m.c.i.embedder.EclipseLogger - Using platform encoding (Cp1252 actually) to copy filtered resources, i.e. build is platform dependent!
2023-09-26 22:45:55,740 [Worker-28] INFO  o.e.m.c.i.embedder.EclipseLogger - Copying 0 resource
2023-09-26 22:45:55,946 [Worker-36] WARN  o.e.m.c.i.embedder.EclipseLogger - Using platform encoding (Cp1252 actually) to copy filtered resources, i.e. build is platform dependent!
2023-09-26 22:45:55,947 [Worker-36] INFO  o.e.m.c.i.embedder.EclipseLogger - Copying 0 resource
2023-09-26 22:45:55,948 [Worker-36] WARN  o.e.m.c.i.embedder.EclipseLogger - Using platform encoding (Cp1252 actually) to copy filtered resources, i.e. build is platform dependent!
2023-09-26 22:45:55,949 [Worker-36] INFO  o.e.m.c.i.embedder.EclipseLogger - Copying 0 resource
2023-09-26 22:46:40,604 [Worker-29] WARN  o.e.m.c.i.embedder.EclipseLogger - Using platform encoding (Cp1252 actually) to copy filtered resources, i.e. build is platform dependent!
2023-09-26 22:46:40,607 [Worker-29] INFO  o.e.m.c.i.embedder.EclipseLogger - Copying 0 resource
2023-09-26 22:46:40,610 [Worker-29] WARN  o.e.m.c.i.embedder.EclipseLogger - Using platform encoding (Cp1252 actually) to copy filtered resources, i.e. build is platform dependent!
2023-09-26 22:46:40,613 [Worker-29] INFO  o.e.m.c.i.embedder.EclipseLogger - Copying 0 resource
2023-09-26 22:47:52,726 [Worker-38] INFO  o.e.m.c.i.p.ProjectConfigurationManager - Update started
2023-09-26 22:47:57,577 [Worker-38] INFO  o.e.m.c.i.l.LifecycleMappingFactory - Using org.eclipse.m2e.jdt.JarLifecycleMapping lifecycle mapping for MavenProject: com.infinite.springcore:springcore:0.0.1-SNAPSHOT @ C:\java_backend\spring\springcore\pom.xml.
2023-09-26 22:47:57,605 [Worker-38] INFO  o.e.m.c.i.l.LifecycleMappingFactory - Using org.eclipse.m2e.jdt.JarLifecycleMapping lifecycle mapping for MavenProject: com.infinite.spring:SpringExamples:0.0.1-SNAPSHOT @ C:\java_backend\spring\SpringExamples\pom.xml.
2023-09-26 22:47:58,329 [Worker-38] INFO  o.e.m.j.i.AbstractJavaProjectConfigurator - Adding source folder /springcore/src/main/java
2023-09-26 22:47:58,330 [Worker-38] INFO  o.e.m.j.i.AbstractJavaProjectConfigurator - Adding resource folder /springcore/src/main/resources
2023-09-26 22:47:58,330 [Worker-38] INFO  o.e.m.j.i.AbstractJavaProjectConfigurator - Adding source folder /springcore/src/test/java
2023-09-26 22:47:58,330 [Worker-38] INFO  o.e.m.j.i.AbstractJavaProjectConfigurator - Adding resource folder /springcore/src/test/resources
2023-09-26 22:47:58,400 [Worker-38] INFO  o.e.m.c.i.p.ProjectConfigurationManager - Update completed: 5 sec
2023-09-26 22:47:58,526 [Worker-1] WARN  o.e.m.c.i.embedder.EclipseLogger - Using platform encoding (Cp1252 actually) to copy filtered resources, i.e. build is platform dependent!
2023-09-26 22:47:58,528 [Worker-1] INFO  o.e.m.c.i.embedder.EclipseLogger - Copying 0 resource
2023-09-26 22:47:58,529 [Worker-1] WARN  o.e.m.c.i.embedder.EclipseLogger - Using platform encoding (Cp1252 actually) to copy filtered resources, i.e. build is platform dependent!
2023-09-26 22:47:58,530 [Worker-1] INFO  o.e.m.c.i.embedder.EclipseLogger - Copying 0 resource
2023-09-26 22:47:58,535 [Worker-1] WARN  o.e.m.c.i.embedder.EclipseLogger - Using platform encoding (Cp1252 actually) to copy filtered resources, i.e. build is platform dependent!
2023-09-26 22:47:58,536 [Worker-1] INFO  o.e.m.c.i.embedder.EclipseLogger - Copying 0 resource
2023-09-26 22:47:58,537 [Worker-1] WARN  o.e.m.c.i.embedder.EclipseLogger - Using platform encoding (Cp1252 actually) to copy filtered resources, i.e. build is platform dependent!
2023-09-26 22:47:58,538 [Worker-1] INFO  o.e.m.c.i.embedder.EclipseLogger - Copying 0 resource
2023-09-26 22:55:17,446 [Worker-2] WARN  o.e.m.c.i.embedder.EclipseLogger - Using platform encoding (Cp1252 actually) to copy filtered resources, i.e. build is platform dependent!
2023-09-26 22:55:17,452 [Worker-2] INFO  o.e.m.c.i.embedder.EclipseLogger - Copying 0 resource
2023-09-26 22:55:17,453 [Worker-2] WARN  o.e.m.c.i.embedder.EclipseLogger - Using platform encoding (Cp1252 actually) to copy filtered resources, i.e. build is platform dependent!
2023-09-26 22:55:17,454 [Worker-2] INFO  o.e.m.c.i.embedder.EclipseLogger - Copying 0 resource
2023-09-26 22:55:18,348 [Worker-16] WARN  o.e.m.c.i.embedder.EclipseLogger - Using platform encoding (Cp1252 actually) to copy filtered resources, i.e. build is platform dependent!
2023-09-26 22:55:18,352 [Worker-16] INFO  o.e.m.c.i.embedder.EclipseLogger - Copying 0 resource
2023-09-26 22:55:18,354 [Worker-16] WARN  o.e.m.c.i.embedder.EclipseLogger - Using platform encoding (Cp1252 actually) to copy filtered resources, i.e. build is platform dependent!
2023-09-26 22:55:18,357 [Worker-16] INFO  o.e.m.c.i.embedder.EclipseLogger - Copying 0 resource
2023-09-26 22:57:37,340 [Worker-9] INFO  o.e.m.c.i.p.ProjectConfigurationManager - Update started
2023-09-26 22:57:40,098 [Worker-9] INFO  o.e.m.c.i.l.LifecycleMappingFactory - Using org.eclipse.m2e.jdt.JarLifecycleMapping lifecycle mapping for MavenProject: com.infinite.springcore:springcore:0.0.1-SNAPSHOT @ C:\java_backend\spring\springcore\pom.xml.
2023-09-26 22:57:40,125 [Worker-9] INFO  o.e.m.c.i.l.LifecycleMappingFactory - Using org.eclipse.m2e.jdt.JarLifecycleMapping lifecycle mapping for MavenProject: com.infinite.spring:SpringExamples:0.0.1-SNAPSHOT @ C:\java_backend\spring\SpringExamples\pom.xml.
2023-09-26 22:57:40,436 [Worker-9] INFO  o.e.m.j.i.AbstractJavaProjectConfigurator - Adding source folder /springcore/src/main/java
2023-09-26 22:57:40,437 [Worker-9] INFO  o.e.m.j.i.AbstractJavaProjectConfigurator - Adding resource folder /springcore/src/main/resources
2023-09-26 22:57:40,437 [Worker-9] INFO  o.e.m.j.i.AbstractJavaProjectConfigurator - Adding source folder /springcore/src/test/java
2023-09-26 22:57:40,437 [Worker-9] INFO  o.e.m.j.i.AbstractJavaProjectConfigurator - Adding resource folder /springcore/src/test/resources
2023-09-26 22:57:40,532 [Worker-9] INFO  o.e.m.c.i.p.ProjectConfigurationManager - Update completed: 3 sec
2023-09-26 22:57:40,716 [Worker-21] WARN  o.e.m.c.i.embedder.EclipseLogger - Using platform encoding (Cp1252 actually) to copy filtered resources, i.e. build is platform dependent!
2023-09-26 22:57:40,718 [Worker-21] INFO  o.e.m.c.i.embedder.EclipseLogger - Copying 0 resource
2023-09-26 22:57:40,720 [Worker-21] WARN  o.e.m.c.i.embedder.EclipseLogger - Using platform encoding (Cp1252 actually) to copy filtered resources, i.e. build is platform dependent!
2023-09-26 22:57:40,721 [Worker-21] INFO  o.e.m.c.i.embedder.EclipseLogger - Copying 0 resource
2023-09-26 22:57:40,732 [Worker-21] WARN  o.e.m.c.i.embedder.EclipseLogger - Using platform encoding (Cp1252 actually) to copy filtered resources, i.e. build is platform dependent!
2023-09-26 22:57:40,733 [Worker-21] INFO  o.e.m.c.i.embedder.EclipseLogger - Copying 0 resource
2023-09-26 22:57:40,734 [Worker-21] WARN  o.e.m.c.i.embedder.EclipseLogger - Using platform encoding (Cp1252 actually) to copy filtered resources, i.e. build is platform dependent!
2023-09-26 22:57:40,734 [Worker-21] INFO  o.e.m.c.i.embedder.EclipseLogger - Copying 0 resource
2023-09-26 22:57:59,387 [Worker-14] INFO  o.e.m.i.launch.MavenLaunchDelegate - C:\java_backend\spring\springcore
2023-09-26 22:57:59,388 [Worker-14] INFO  o.e.m.i.launch.MavenLaunchDelegate -  mvn -B install
2023-09-26 22:58:01,719 [Worker-14] WARN  o.e.m.c.i.embedder.EclipseLogger - Using platform encoding (Cp1252 actually) to copy filtered resources, i.e. build is platform dependent!
2023-09-26 22:58:01,720 [Worker-14] INFO  o.e.m.c.i.embedder.EclipseLogger - Copying 0 resource
2023-09-26 22:58:01,721 [Worker-14] WARN  o.e.m.c.i.embedder.EclipseLogger - Using platform encoding (Cp1252 actually) to copy filtered resources, i.e. build is platform dependent!
2023-09-26 22:58:01,722 [Worker-14] INFO  o.e.m.c.i.embedder.EclipseLogger - Copying 0 resource
2023-09-26 23:00:26,897 [Worker-5] INFO  o.e.m.c.i.l.LifecycleMappingFactory - Using org.eclipse.m2e.jdt.JarLifecycleMapping lifecycle mapping for MavenProject: com.infinite.maven:Maven1:0.0.1-SNAPSHOT @ C:\java_backend\spring\Maven1\pom.xml.
2023-09-26 23:00:27,152 [Worker-5] INFO  o.e.m.j.i.AbstractJavaProjectConfigurator - Adding source folder /Maven1/src/main/java
2023-09-26 23:00:27,152 [Worker-5] INFO  o.e.m.j.i.AbstractJavaProjectConfigurator - Adding resource folder /Maven1/src/main/resources
2023-09-26 23:00:27,153 [Worker-5] INFO  o.e.m.j.i.AbstractJavaProjectConfigurator - Adding source folder /Maven1/src/test/java
2023-09-26 23:00:27,153 [Worker-5] INFO  o.e.m.j.i.AbstractJavaProjectConfigurator - Adding resource folder /Maven1/src/test/resources
2023-09-26 23:00:27,527 [Worker-11] WARN  o.e.m.c.i.embedder.EclipseLogger - Using platform encoding (Cp1252 actually) to copy filtered resources, i.e. build is platform dependent!
2023-09-26 23:00:27,530 [Worker-11] INFO  o.e.m.c.i.embedder.EclipseLogger - Copying 0 resource
2023-09-26 23:00:27,531 [Worker-11] WARN  o.e.m.c.i.embedder.EclipseLogger - Using platform encoding (Cp1252 actually) to copy filtered resources, i.e. build is platform dependent!
2023-09-26 23:00:27,532 [Worker-11] INFO  o.e.m.c.i.embedder.EclipseLogger - Copying 0 resource
2023-09-26 23:03:03,588 [Worker-11] INFO  o.e.m.c.i.l.LifecycleMappingFactory - Using org.eclipse.m2e.jdt.JarLifecycleMapping lifecycle mapping for MavenProject: com.infinite.spring2:Spring:0.0.1-SNAPSHOT @ C:\java_backend\spring\Spring\pom.xml.
2023-09-26 23:03:03,677 [Worker-11] INFO  o.e.m.j.i.AbstractJavaProjectConfigurator - Adding source folder /Spring/src/main/java
2023-09-26 23:03:03,677 [Worker-11] INFO  o.e.m.j.i.AbstractJavaProjectConfigurator - Adding resource folder /Spring/src/main/resources
2023-09-26 23:03:03,677 [Worker-11] INFO  o.e.m.j.i.AbstractJavaProjectConfigurator - Adding source folder /Spring/src/test/java
2023-09-26 23:03:03,677 [Worker-11] INFO  o.e.m.j.i.AbstractJavaProjectConfigurator - Adding resource folder /Spring/src/test/resources
2023-09-26 23:03:03,877 [Worker-24] WARN  o.e.m.c.i.embedder.EclipseLogger - Using platform encoding (Cp1252 actually) to copy filtered resources, i.e. build is platform dependent!
2023-09-26 23:03:03,877 [Worker-24] INFO  o.e.m.c.i.embedder.EclipseLogger - Copying 0 resource
2023-09-26 23:03:03,877 [Worker-24] WARN  o.e.m.c.i.embedder.EclipseLogger - Using platform encoding (Cp1252 actually) to copy filtered resources, i.e. build is platform dependent!
2023-09-26 23:03:03,877 [Worker-24] INFO  o.e.m.c.i.embedder.EclipseLogger - Copying 0 resource
2023-09-27 00:05:12,865 [Worker-5] WARN  o.e.m.c.i.embedder.EclipseLogger - Using platform encoding (Cp1252 actually) to copy filtered resources, i.e. build is platform dependent!
2023-09-27 00:05:12,873 [Worker-5] INFO  o.e.m.c.i.embedder.EclipseLogger - Copying 0 resource
2023-09-27 00:05:12,875 [Worker-5] WARN  o.e.m.c.i.embedder.EclipseLogger - Using platform encoding (Cp1252 actually) to copy filtered resources, i.e. build is platform dependent!
2023-09-27 00:05:12,877 [Worker-5] INFO  o.e.m.c.i.embedder.EclipseLogger - Copying 0 resource
2023-09-27 00:05:13,548 [Worker-5] WARN  o.e.m.c.i.embedder.EclipseLogger - Using platform encoding (Cp1252 actually) to copy filtered resources, i.e. build is platform dependent!
2023-09-27 00:05:13,549 [Worker-5] INFO  o.e.m.c.i.embedder.EclipseLogger - Copying 0 resource
2023-09-27 00:05:13,550 [Worker-5] WARN  o.e.m.c.i.embedder.EclipseLogger - Using platform encoding (Cp1252 actually) to copy filtered resources, i.e. build is platform dependent!
2023-09-27 00:05:13,552 [Worker-5] INFO  o.e.m.c.i.embedder.EclipseLogger - Copying 0 resource
2023-09-27 00:05:13,594 [Worker-5] WARN  o.e.m.c.i.embedder.EclipseLogger - Using platform encoding (Cp1252 actually) to copy filtered resources, i.e. build is platform dependent!
2023-09-27 00:05:13,596 [Worker-5] INFO  o.e.m.c.i.embedder.EclipseLogger - Copying 0 resource
2023-09-27 00:05:13,597 [Worker-5] WARN  o.e.m.c.i.embedder.EclipseLogger - Using platform encoding (Cp1252 actually) to copy filtered resources, i.e. build is platform dependent!
2023-09-27 00:05:13,599 [Worker-5] INFO  o.e.m.c.i.embedder.EclipseLogger - Copying 0 resource
